go: downloading github.com/rs/zerolog v1.33.0
go: downloading github.com/gofiber/fiber/v2 v2.52.12
go: downloading github.com/gofiber/swagger v1.1.1
go: downloading github.com/caarlos0/env/v11 v11.4.0
go: downloading firebase.google.com/go/v4 v4.19.0
go: downloading google.golang.org/api v0.231.0
go: downloading modernc.org/sqlite v1.29.0
go: downloading github.com/valyala/fasthttp v1.51.0
go: downloading github.com/mattn/go-colorable v0.1.14
go: downloading github.com/google/uuid v1.6.0
go: downloading github.com/mattn/go-isatty v0.0.20
go: downloading github.com/mattn/go-runewidth v0.0.16
go: downloading github.com/valyala/bytebufferpool v1.0.0
go: downloading github.com/swaggo/swag v1.16.6
go: downloading github.com/tinylib/msgp v1.2.5
go: downloading github.com/swaggo/files/v2 v2.0.2
go: downloading cloud.google.com/go/firestore v1.18.0
go: downloading cloud.google.com/go v0.121.0
go: downloading github.com/andybalholm/brotli v1.1.0
go: downloading github.com/klauspost/compress v1.17.9
go: downloading golang.org/x/sys v0.34.0
go: downloading github.com/valyala/tcplisten v1.0.0
go: downloading github.com/rivo/uniseg v0.2.0
go: downloading github.com/philhofer/fwd v1.1.3-0.20240916144458-20a13a1f6b7c
go: downloading github.com/KyleBanks/depth v1.2.1
go: downloading github.com/go-openapi/spec v0.20.4
go: downloading golang.org/x/tools v0.34.0
go: downloading github.com/MicahParks/keyfunc v1.9.0
go: downloading github.com/golang-jwt/jwt/v4 v4.5.2
go: downloading golang.org/x/oauth2 v0.30.0
go: downloading cloud.google.com/go/storage v1.53.0
go: downloading github.com/googleapis/gax-go/v2 v2.14.1
go: downloading golang.org/x/time v0.11.0
go: downloading google.golang.org/genproto v0.0.0-20250505200425-f936aa4a68b2
go: downloading google.golang.org/grpc v1.72.0
go: downloading google.golang.org/protobuf v1.36.6
go: downloading github.com/go-openapi/jsonpointer v0.19.5
go: downloading github.com/go-openapi/jsonreference v0.19.6
go: downloading github.com/go-openapi/swag v0.19.15
go: downloading modernc.org/libc v1.41.0
go: downloading cloud.google.com/go/compute/metadata v0.6.0
go: downloading cloud.google.com/go/iam v1.5.2
go: downloading github.com/GoogleCloudPlatform/opentelemetry-operations-go/exporter/metric v0.51.0
go: downloading go.opentelemetry.io/contrib/detectors/gcp v1.35.0
go: downloading go.opentelemetry.io/otel v1.35.0
go: downloading go.opentelemetry.io/otel/sdk/metric v1.35.0
go: downloading go.opentelemetry.io/otel/sdk v1.35.0
go: downloading go.opentelemetry.io/otel/trace v1.35.0
go: downloading cloud.google.com/go/longrunning v0.6.7
go: downloading google.golang.org/genproto/googleapis/api v0.0.0-20250505200425-f936aa4a68b2
go: downloading google.golang.org/genproto/googleapis/rpc v0.0.0-20250505200425-f936aa4a68b2
go: downloading cloud.google.com/go/auth v0.16.1
go: downloading golang.org/x/sync v0.16.0
go: downloading golang.org/x/net v0.42.0
go: downloading github.com/PuerkitoBio/purell v1.1.1
go: downloading github.com/mailru/easyjson v0.7.6
go: downloading gopkg.in/yaml.v2 v2.4.0
go: downloading golang.org/x/mod v0.25.0
go: downloading github.com/GoogleCloudPlatform/opentelemetry-operations-go/detectors/gcp v1.27.0
go: downloading cloud.google.com/go/monitoring v1.24.2
go: downloading github.com/GoogleCloudPlatform/opentelemetry-operations-go/internal/resourcemapping v0.51.0
go: downloading github.com/go-logr/logr v1.4.2
go: downloading go.opentelemetry.io/otel/metric v1.35.0
go: downloading cloud.google.com/go/auth/oauth2adapt v0.2.8
go: downloading go.opentelemetry.io/contrib/instrumentation/net/http/otelhttp v0.60.0
go: downloading go.opentelemetry.io/contrib/instrumentation/google.golang.org/grpc/otelgrpc v0.60.0
go: downloading github.com/google/s2a-go v0.1.9
go: downloading github.com/PuerkitoBio/urlesc v0.0.0-20170810143723-de5bf2ad4578
go: downloading golang.org/x/text v0.27.0
go: downloading github.com/josharian/intern v1.0.0
go: downloading github.com/go-logr/stdr v1.2.2
go: downloading go.opentelemetry.io/auto/sdk v1.1.0
go: downloading github.com/googleapis/enterprise-certificate-proxy v0.3.6
go: downloading github.com/envoyproxy/go-control-plane/envoy v1.32.4
go: downloading github.com/felixge/httpsnoop v1.0.4
go: downloading github.com/dustin/go-humanize v1.0.1
go: downloading github.com/ncruces/go-strftime v0.1.9
go: downloading modernc.org/mathutil v1.6.0
go: downloading modernc.org/memory v1.7.2
go: downloading github.com/spiffe/go-spiffe/v2 v2.5.0
go: downloading github.com/cespare/xxhash/v2 v2.3.0
go: downloading github.com/cncf/xds/go v0.0.0-20250501225837-2ac532fd4443
go: downloading github.com/remyoudompheng/bigfft v0.0.0-20230129092748-24d4a6f8daec
go: downloading github.com/go-jose/go-jose/v4 v4.0.5
go: downloading github.com/zeebo/errs v1.4.0
go: downloading github.com/envoyproxy/protoc-gen-validate v1.2.1
go: downloading cel.dev/expr v0.23.1
go: downloading golang.org/x/crypto v0.40.0
{"level":"info","time":"2026-04-13T02:19:12Z","message":"Starting omsu_mirror BFF..."}
{"level":"warn","error":"project ID is required to access Firebase Cloud Messaging client","time":"2026-04-13T02:19:12Z","message":"Failed to initialize Firebase Messaging"}
{"level":"info","time":"2026-04-13T02:19:12Z","message":"Starting startup synchronization..."}

 ┌───────────────────────────────────────────────────┐
 │                 omsu_mirror v1.0                  │
 │                  Fiber v2.52.12                   │
 │               http://127.0.0.1:8080               │
 │       (bound on host 0.0.0.0 and port 8080)       │
 │                                                   │
 │ Handlers ............ 44  Processes ........... 1 │
 │ Prefork ....... Disabled  PID ............ 151483 │
 └───────────────────────────────────────────────────┘

{"level":"info","time":"2026-04-13T02:19:15Z","message":"Successfully synced 546 auditories"}
{"level":"info","time":"2026-04-13T02:19:15Z","message":"Syncing 0 active schedules..."}
{"level":"info","time":"2026-04-13T02:19:15Z","message":"Warming up L1 cache from L2 storage..."}
{"level":"info","time":"2026-04-13T02:19:15Z","message":"Pre-loaded 0 schedule items into memory cache"}
{"level":"info","method":"GET","path":"/api/v1/tutors","status":200,"latency":0.074747,"ip":"","time":"2026-04-13T02:22:31Z","message":"HTTP Request"}
